This is pdfTeX, Version 3.141592653-2.6-1.40.22 (TeX Live 2021/CVE-2023-32700 patched) (preloaded format=pdflatex 2023.11.16)  16 NOV 2023 11:00
entering extended mode
 restricted \write18 enabled.
 %&-line parsing enabled.
**image_tex_edited.tex
(./image_tex_edited.tex
LaTeX2e <2020-10-01> patch level 4
L3 programming layer <2021-05-07>
(/usr/share/texlive/texmf-dist/tex/latex/standalone/standalone.cls
Document Class: standalone 2018/03/26 v1.3a Class to compile TeX sub-files stan
dalone
(/usr/share/texlive/texmf-dist/tex/latex/tools/shellesc.sty
Package: shellesc 2019/11/08 v1.0c unified shell escape interface for LaTeX
Package shellesc Info: Restricted shell escape enabled on input line 77.
)
(/usr/share/texlive/texmf-dist/tex/generic/iftex/ifluatex.sty
Package: ifluatex 2019/10/25 v1.5 ifluatex legacy package. Use iftex instead.

(/usr/share/texlive/texmf-dist/tex/generic/iftex/iftex.sty
Package: iftex 2020/03/06 v1.0d TeX engine tests
))
(/usr/share/texlive/texmf-dist/tex/latex/xkeyval/xkeyval.sty
Package: xkeyval 2020/11/20 v2.8 package option processing (HA)

(/usr/share/texlive/texmf-dist/tex/generic/xkeyval/xkeyval.tex
(/usr/share/texlive/texmf-dist/tex/generic/xkeyval/xkvutils.tex
\XKV@toks=\toks15
\XKV@tempa@toks=\toks16

(/usr/share/texlive/texmf-dist/tex/generic/xkeyval/keyval.tex))
\XKV@depth=\count179
File: xkeyval.tex 2014/12/03 v2.7a key=value parser (HA)
))
\sa@internal=\count180
\c@sapage=\count181

(/usr/share/texlive/texmf-dist/tex/latex/standalone/standalone.cfg
File: standalone.cfg 2018/03/26 v1.3a Default configuration file for 'standalon
e' class
)
(/usr/share/texlive/texmf-dist/tex/latex/base/article.cls
Document Class: article 2020/04/10 v1.4m Standard LaTeX document class
(/usr/share/texlive/texmf-dist/tex/latex/base/size10.clo
File: size10.clo 2020/04/10 v1.4m Standard LaTeX file (size option)
)
\c@part=\count182
\c@section=\count183
\c@subsection=\count184
\c@subsubsection=\count185
\c@paragraph=\count186
\c@subparagraph=\count187
\c@figure=\count188
\c@table=\count189
\abovecaptionskip=\skip47
\belowcaptionskip=\skip48
\bibindent=\dimen138
)
(/usr/share/texlive/texmf-dist/tex/latex/preview/preview.sty
Package: preview 2017/04/24 13.1 (AUCTeX/preview-latex)

(/usr/share/texlive/texmf-dist/tex/generic/luatex85/luatex85.sty
Package: luatex85 2016/06/15 v1.4 pdftex aliases for luatex
)
(/usr/share/texlive/texmf-dist/tex/latex/preview/prtightpage.def
\PreviewBorder=\dimen139
)
\pr@snippet=\count190
\pr@box=\box47
\pr@output=\toks17
))
(/usr/share/texlive/texmf-dist/tex/latex/geometry/geometry.sty
Package: geometry 2020/01/02 v5.9 Page Geometry

(/usr/share/texlive/texmf-dist/tex/generic/iftex/ifvtex.sty
Package: ifvtex 2019/10/25 v1.7 ifvtex legacy package. Use iftex instead.
)
\Gm@cnth=\count191
\Gm@cntv=\count192
\c@Gm@tempcnt=\count193
\Gm@bindingoffset=\dimen140
\Gm@wd@mp=\dimen141
\Gm@odd@mp=\dimen142
\Gm@even@mp=\dimen143
\Gm@layoutwidth=\dimen144
\Gm@layoutheight=\dimen145
\Gm@layouthoffset=\dimen146
\Gm@layoutvoffset=\dimen147
\Gm@dimlist=\toks18


Package geometry Warning: `lmargin' and `rmargin' result in NEGATIVE (-296.1931
8pt).
    `width' should be shortened in length.

) (/usr/share/texlive/texmf-dist/tex/latex/l3backend/l3backend-pdftex.def
File: l3backend-pdftex.def 2021-05-07 L3 backend support: PDF output (pdfTeX)
\l__color_backend_stack_int=\count194
\l__pdf_internal_box=\box48
)
No file image_tex_edited.aux.
\openout1 = `image_tex_edited.aux'.

LaTeX Font Info:    Checking defaults for OML/cmm/m/it on input line 3.
LaTeX Font Info:    ... okay on input line 3.
LaTeX Font Info:    Checking defaults for OMS/cmsy/m/n on input line 3.
LaTeX Font Info:    ... okay on input line 3.
LaTeX Font Info:    Checking defaults for OT1/cmr/m/n on input line 3.
LaTeX Font Info:    ... okay on input line 3.
LaTeX Font Info:    Checking defaults for T1/cmr/m/n on input line 3.
LaTeX Font Info:    ... okay on input line 3.
LaTeX Font Info:    Checking defaults for TS1/cmr/m/n on input line 3.
LaTeX Font Info:    ... okay on input line 3.
LaTeX Font Info:    Checking defaults for OMX/cmex/m/n on input line 3.
LaTeX Font Info:    ... okay on input line 3.
LaTeX Font Info:    Checking defaults for U/cmr/m/n on input line 3.
LaTeX Font Info:    ... okay on input line 3.
Preview: Fontsize 10pt
Preview: PDFoutput 1
*geometry* driver: auto-detecting
*geometry* detected driver: pdftex
*geometry* verbose mode - [ preamble ] result:
* driver: pdftex
* paper: <default>
* layout: <same size as paper>
* layoutoffset:(h,v)=(0.0pt,0.0pt)
* modes: 
* h-part:(L,W,R)=(-148.09659pt, 910.48817pt, -148.09659pt)
* v-part:(T,H,B)=(261.08246pt, 142.26378pt, 391.62375pt)
* \paperwidth=614.295pt
* \paperheight=794.96999pt
* \textwidth=910.48817pt
* \textheight=142.26378pt
* \oddsidemargin=-220.36658pt
* \evensidemargin=-220.36658pt
* \topmargin=151.81247pt
* \headheight=12.0pt
* \headsep=25.0pt
* \topskip=10.0pt
* \footskip=30.0pt
* \marginparwidth=65.0pt
* \marginparsep=11.0pt
* \columnsep=10.0pt
* \skip\footins=9.0pt plus 4.0pt minus 2.0pt
* \hoffset=0.0pt
* \voffset=0.0pt
* \mag=1000
* \@twocolumnfalse
* \@twosidefalse
* \@mparswitchfalse
* \@reversemarginfalse
* (1in=72.27pt=25.4mm, 1cm=28.453pt)

LaTeX Font Info:    External font `cmex10' loaded for size
(Font)              <7> on input line 5.
LaTeX Font Info:    External font `cmex10' loaded for size
(Font)              <5> on input line 5.
Preview: Tightpage 0 0 0 0
[1{/usr/share/texlive/texmf-var/fonts/map/pdftex/updmap/pdftex.map

pdfTeX warning: pdflatex (file /usr/share/texlive/texmf-var/fonts/map/pdftex/up
dmap/pdftex.map): fontmap entry for `cob' already exists, duplicates ignored


pdfTeX warning: pdflatex (file /usr/share/texlive/texmf-var/fonts/map/pdftex/up
dmap/pdftex.map): fontmap entry for `cobo' already exists, duplicates ignored


pdfTeX warning: pdflatex (file /usr/share/texlive/texmf-var/fonts/map/pdftex/up
dmap/pdftex.map): fontmap entry for `com' already exists, duplicates ignored


pdfTeX warning: pdflatex (file /usr/share/texlive/texmf-var/fonts/map/pdftex/up
dmap/pdftex.map): fontmap entry for `coo' already exists, duplicates ignored


pdfTeX warning: pdflatex (file /usr/share/texlive/texmf-var/fonts/map/pdftex/up
dmap/pdftex.map): fontmap entry for `hv' already exists, duplicates ignored


pdfTeX warning: pdflatex (file /usr/share/texlive/texmf-var/fonts/map/pdftex/up
dmap/pdftex.map): fontmap entry for `hvb' already exists, duplicates ignored


pdfTeX warning: pdflatex (file /usr/share/texlive/texmf-var/fonts/map/pdftex/up
dmap/pdftex.map): fontmap entry for `hvbo' already exists, duplicates ignored


pdfTeX warning: pdflatex (file /usr/share/texlive/texmf-var/fonts/map/pdftex/up
dmap/pdftex.map): fontmap entry for `hvo' already exists, duplicates ignored


pdfTeX warning: pdflatex (file /usr/share/texlive/texmf-var/fonts/map/pdftex/up
dmap/pdftex.map): fontmap entry for `pagd8g' already exists, duplicates ignored



pdfTeX warning: pdflatex (file /usr/share/texlive/texmf-var/fonts/map/pdftex/up
dmap/pdftex.map): fontmap entry for `pagd8r' already exists, duplicates ignored



pdfTeX warning: pdflatex (file /usr/share/texlive/texmf-var/fonts/map/pdftex/up
dmap/pdftex.map): fontmap entry for `pagd8y' already exists, duplicates ignored



pdfTeX warning: pdflatex (file /usr/share/texlive/texmf-var/fonts/map/pdftex/up
dmap/pdftex.map): fontmap entry for `pagd8z' already exists, duplicates ignored



pdfTeX warning: pdflatex (file /usr/share/texlive/texmf-var/fonts/map/pdftex/up
dmap/pdftex.map): fontmap entry for `pagdo8g' already exists, duplicates ignore
d


pdfTeX warning: pdflatex (file /usr/share/texlive/texmf-var/fonts/map/pdftex/up
dmap/pdftex.map): fontmap entry for `pagdo8r' already exists, duplicates ignore
d


pdfTeX warning: pdflatex (file /usr/share/texlive/texmf-var/fonts/map/pdftex/up
dmap/pdftex.map): fontmap entry for `pagdo8y' already exists, duplicates ignore
d


pdfTeX warning: pdflatex (file /usr/share/texlive/texmf-var/fonts/map/pdftex/up
dmap/pdftex.map): fontmap entry for `pagdo8z' already exists, duplicates ignore
d


pdfTeX warning: pdflatex (file /usr/share/texlive/texmf-var/fonts/map/pdftex/up
dmap/pdftex.map): fontmap entry for `pagk8g' already exists, duplicates ignored



pdfTeX warning: pdflatex (file /usr/share/texlive/texmf-var/fonts/map/pdftex/up
dmap/pdftex.map): fontmap entry for `pagk8r' already exists, duplicates ignored



pdfTeX warning: pdflatex (file /usr/share/texlive/texmf-var/fonts/map/pdftex/up
dmap/pdftex.map): fontmap entry for `pagk8y' already exists, duplicates ignored



pdfTeX warning: pdflatex (file /usr/share/texlive/texmf-var/fonts/map/pdftex/up
dmap/pdftex.map): fontmap entry for `pagk8z' already exists, duplicates ignored



pdfTeX warning: pdflatex (file /usr/share/texlive/texmf-var/fonts/map/pdftex/up
dmap/pdftex.map): fontmap entry for `pagko8g' already exists, duplicates ignore
d


pdfTeX warning: pdflatex (file /usr/share/texlive/texmf-var/fonts/map/pdftex/up
dmap/pdftex.map): fontmap entry for `pagko8r' already exists, duplicates ignore
d


pdfTeX warning: pdflatex (file /usr/share/texlive/texmf-var/fonts/map/pdftex/up
dmap/pdftex.map): fontmap entry for `pagko8y' already exists, duplicates ignore
d


pdfTeX warning: pdflatex (file /usr/share/texlive/texmf-var/fonts/map/pdftex/up
dmap/pdftex.map): fontmap entry for `pagko8z' already exists, duplicates ignore
d


pdfTeX warning: pdflatex (file /usr/share/texlive/texmf-var/fonts/map/pdftex/up
dmap/pdftex.map): fontmap entry for `pbkd8g' already exists, duplicates ignored



pdfTeX warning: pdflatex (file /usr/share/texlive/texmf-var/fonts/map/pdftex/up
dmap/pdftex.map): fontmap entry for `pbkd8r' already exists, duplicates ignored



pdfTeX warning: pdflatex (file /usr/share/texlive/texmf-var/fonts/map/pdftex/up
dmap/pdftex.map): fontmap entry for `pbkd8y' already exists, duplicates ignored



pdfTeX warning: pdflatex (file /usr/share/texlive/texmf-var/fonts/map/pdftex/up
dmap/pdftex.map): fontmap entry for `pbkd8z' already exists, duplicates ignored



pdfTeX warning: pdflatex (file /usr/share/texlive/texmf-var/fonts/map/pdftex/up
dmap/pdftex.map): fontmap entry for `pbkdi8g' already exists, duplicates ignore
d


pdfTeX warning: pdflatex (file /usr/share/texlive/texmf-var/fonts/map/pdftex/up
dmap/pdftex.map): fontmap entry for `pbkdi8r' already exists, duplicates ignore
d


pdfTeX warning: pdflatex (file /usr/share/texlive/texmf-var/fonts/map/pdftex/up
dmap/pdftex.map): fontmap entry for `pbkdi8y' already exists, duplicates ignore
d


pdfTeX warning: pdflatex (file /usr/share/texlive/texmf-var/fonts/map/pdftex/up
dmap/pdftex.map): fontmap entry for `pbkdi8z' already exists, duplicates ignore
d


pdfTeX warning: pdflatex (file /usr/share/texlive/texmf-var/fonts/map/pdftex/up
dmap/pdftex.map): invalid entry for `pbkdo8r': SlantFont/ExtendFont can be used
 only with embedded Type1 fonts


pdfTeX warning: pdflatex (file /usr/share/texlive/texmf-var/fonts/map/pdftex/up
dmap/pdftex.map): invalid entry for `pbkdo8y': SlantFont/ExtendFont can be used
 only with embedded Type1 fonts


pdfTeX warning: pdflatex (file /usr/share/texlive/texmf-var/fonts/map/pdftex/up
dmap/pdftex.map): fontmap entry for `pbkl8g' already exists, duplicates ignored



pdfTeX warning: pdflatex (file /usr/share/texlive/texmf-var/fonts/map/pdftex/up
dmap/pdftex.map): fontmap entry for `pbkl8r' already exists, duplicates ignored



pdfTeX warning: pdflatex (file /usr/share/texlive/texmf-var/fonts/map/pdftex/up
dmap/pdftex.map): fontmap entry for `pbkl8y' already exists, duplicates ignored



pdfTeX warning: pdflatex (file /usr/share/texlive/texmf-var/fonts/map/pdftex/up
dmap/pdftex.map): fontmap entry for `pbkl8z' already exists, duplicates ignored



pdfTeX warning: pdflatex (file /usr/share/texlive/texmf-var/fonts/map/pdftex/up
dmap/pdftex.map): fontmap entry for `pbkli8g' already exists, duplicates ignore
d


pdfTeX warning: pdflatex (file /usr/share/texlive/texmf-var/fonts/map/pdftex/up
dmap/pdftex.map): fontmap entry for `pbkli8r' already exists, duplicates ignore
d


pdfTeX warning: pdflatex (file /usr/share/texlive/texmf-var/fonts/map/pdftex/up
dmap/pdftex.map): fontmap entry for `pbkli8y' already exists, duplicates ignore
d


pdfTeX warning: pdflatex (file /usr/share/texlive/texmf-var/fonts/map/pdftex/up
dmap/pdftex.map): fontmap entry for `pbkli8z' already exists, duplicates ignore
d


pdfTeX warning: pdflatex (file /usr/share/texlive/texmf-var/fonts/map/pdftex/up
dmap/pdftex.map): invalid entry for `pbklo8r': SlantFont/ExtendFont can be used
 only with embedded Type1 fonts


pdfTeX warning: pdflatex (file /usr/share/texlive/texmf-var/fonts/map/pdftex/up
dmap/pdftex.map): invalid entry for `pbklo8y': SlantFont/ExtendFont can be used
 only with embedded Type1 fonts


pdfTeX warning: pdflatex (file /usr/share/texlive/texmf-var/fonts/map/pdftex/up
dmap/pdftex.map): fontmap entry for `pcrb8g' already exists, duplicates ignored



pdfTeX warning: pdflatex (file /usr/share/texlive/texmf-var/fonts/map/pdftex/up
dmap/pdftex.map): fontmap entry for `pcrb8r' already exists, duplicates ignored



pdfTeX warning: pdflatex (file /usr/share/texlive/texmf-var/fonts/map/pdftex/up
dmap/pdftex.map): fontmap entry for `pcrb8u' already exists, duplicates ignored



pdfTeX warning: pdflatex (file /usr/share/texlive/texmf-var/fonts/map/pdftex/up
dmap/pdftex.map): fontmap entry for `pcrb8y' already exists, duplicates ignored



pdfTeX warning: pdflatex (file /usr/share/texlive/texmf-var/fonts/map/pdftex/up
dmap/pdftex.map): fontmap entry for `pcrbo8g' already exists, duplicates ignore
d


pdfTeX warning: pdflatex (file /usr/share/texlive/texmf-var/fonts/map/pdftex/up
dmap/pdftex.map): fontmap entry for `pcrbo8r' already exists, duplicates ignore
d


pdfTeX warning: pdflatex (file /usr/share/texlive/texmf-var/fonts/map/pdftex/up
dmap/pdftex.map): fontmap entry for `pcrbo8u' already exists, duplicates ignore
d


pdfTeX warning: pdflatex (file /usr/share/texlive/texmf-var/fonts/map/pdftex/up
dmap/pdftex.map): fontmap entry for `pcrbo8y' already exists, duplicates ignore
d


pdfTeX warning: pdflatex (file /usr/share/texlive/texmf-var/fonts/map/pdftex/up
dmap/pdftex.map): fontmap entry for `pcrr8g' already exists, duplicates ignored



pdfTeX warning: pdflatex (file /usr/share/texlive/texmf-var/fonts/map/pdftex/up
dmap/pdftex.map): fontmap entry for `pcrr8r' already exists, duplicates ignored



pdfTeX warning: pdflatex (file /usr/share/texlive/texmf-var/fonts/map/pdftex/up
dmap/pdftex.map): invalid entry for `pcrr8rn': SlantFont/ExtendFont can be used
 only with embedded Type1 fonts


pdfTeX warning: pdflatex (file /usr/share/texlive/texmf-var/fonts/map/pdftex/up
dmap/pdftex.map): fontmap entry for `pcrr8u' already exists, duplicates ignored



pdfTeX warning: pdflatex (file /usr/share/texlive/texmf-var/fonts/map/pdftex/up
dmap/pdftex.map): fontmap entry for `pcrr8y' already exists, duplicates ignored



pdfTeX warning: pdflatex (file /usr/share/texlive/texmf-var/fonts/map/pdftex/up
dmap/pdftex.map): fontmap entry for `pcrro8g' already exists, duplicates ignore
d


pdfTeX warning: pdflatex (file /usr/share/texlive/texmf-var/fonts/map/pdftex/up
dmap/pdftex.map): fontmap entry for `pcrro8r' already exists, duplicates ignore
d


pdfTeX warning: pdflatex (file /usr/share/texlive/texmf-var/fonts/map/pdftex/up
dmap/pdftex.map): fontmap entry for `pcrro8u' already exists, duplicates ignore
d


pdfTeX warning: pdflatex (file /usr/share/texlive/texmf-var/fonts/map/pdftex/up
dmap/pdftex.map): fontmap entry for `pcrro8y' already exists, duplicates ignore
d


pdfTeX warning: pdflatex (file /usr/share/texlive/texmf-var/fonts/map/pdftex/up
dmap/pdftex.map): fontmap entry for `phvb8g' already exists, duplicates ignored



pdfTeX warning: pdflatex (file /usr/share/texlive/texmf-var/fonts/map/pdftex/up
dmap/pdftex.map): fontmap entry for `phvb8r' already exists, duplicates ignored



pdfTeX warning: pdflatex (file /usr/share/texlive/texmf-var/fonts/map/pdftex/up
dmap/pdftex.map): fontmap entry for `phvb8rn' already exists, duplicates ignore
d


pdfTeX warning: pdflatex (file /usr/share/texlive/texmf-var/fonts/map/pdftex/up
dmap/pdftex.map): fontmap entry for `phvb8y' already exists, duplicates ignored



pdfTeX warning: pdflatex (file /usr/share/texlive/texmf-var/fonts/map/pdftex/up
dmap/pdftex.map): fontmap entry for `phvb8yn' already exists, duplicates ignore
d


pdfTeX warning: pdflatex (file /usr/share/texlive/texmf-var/fonts/map/pdftex/up
dmap/pdftex.map): fontmap entry for `phvb8z' already exists, duplicates ignored



pdfTeX warning: pdflatex (file /usr/share/texlive/texmf-var/fonts/map/pdftex/up
dmap/pdftex.map): fontmap entry for `phvbn8g' already exists, duplicates ignore
d


pdfTeX warning: pdflatex (file /usr/share/texlive/texmf-var/fonts/map/pdftex/up
dmap/pdftex.map): fontmap entry for `phvbn8z' already exists, duplicates ignore
d


pdfTeX warning: pdflatex (file /usr/share/texlive/texmf-var/fonts/map/pdftex/up
dmap/pdftex.map): fontmap entry for `phvbo8g' already exists, duplicates ignore
d


pdfTeX warning: pdflatex (file /usr/share/texlive/texmf-var/fonts/map/pdftex/up
dmap/pdftex.map): fontmap entry for `phvbo8r' already exists, duplicates ignore
d


pdfTeX warning: pdflatex (file /usr/share/texlive/texmf-var/fonts/map/pdftex/up
dmap/pdftex.map): fontmap entry for `phvbo8rn' already exists, duplicates ignor
ed


pdfTeX warning: pdflatex (file /usr/share/texlive/texmf-var/fonts/map/pdftex/up
dmap/pdftex.map): fontmap entry for `phvbo8y' already exists, duplicates ignore
d


pdfTeX warning: pdflatex (file /usr/share/texlive/texmf-var/fonts/map/pdftex/up
dmap/pdftex.map): fontmap entry for `phvbo8yn' already exists, duplicates ignor
ed


pdfTeX warning: pdflatex (file /usr/share/texlive/texmf-var/fonts/map/pdftex/up
dmap/pdftex.map): fontmap entry for `phvbo8z' already exists, duplicates ignore
d


pdfTeX warning: pdflatex (file /usr/share/texlive/texmf-var/fonts/map/pdftex/up
dmap/pdftex.map): fontmap entry for `phvbon8g' already exists, duplicates ignor
ed


pdfTeX warning: pdflatex (file /usr/share/texlive/texmf-var/fonts/map/pdftex/up
dmap/pdftex.map): fontmap entry for `phvbon8z' already exists, duplicates ignor
ed


pdfTeX warning: pdflatex (file /usr/share/texlive/texmf-var/fonts/map/pdftex/up
dmap/pdftex.map): fontmap entry for `phvr8g' already exists, duplicates ignored



pdfTeX warning: pdflatex (file /usr/share/texlive/texmf-var/fonts/map/pdftex/up
dmap/pdftex.map): fontmap entry for `phvr8r' already exists, duplicates ignored



pdfTeX warning: pdflatex (file /usr/share/texlive/texmf-var/fonts/map/pdftex/up
dmap/pdftex.map): fontmap entry for `phvr8rn' already exists, duplicates ignore
d


pdfTeX warning: pdflatex (file /usr/share/texlive/texmf-var/fonts/map/pdftex/up
dmap/pdftex.map): fontmap entry for `phvr8y' already exists, duplicates ignored



pdfTeX warning: pdflatex (file /usr/share/texlive/texmf-var/fonts/map/pdftex/up
dmap/pdftex.map): fontmap entry for `phvr8yn' already exists, duplicates ignore
d


pdfTeX warning: pdflatex (file /usr/share/texlive/texmf-var/fonts/map/pdftex/up
dmap/pdftex.map): fontmap entry for `phvr8z' already exists, duplicates ignored



pdfTeX warning: pdflatex (file /usr/share/texlive/texmf-var/fonts/map/pdftex/up
dmap/pdftex.map): fontmap entry for `phvrn8g' already exists, duplicates ignore
d


pdfTeX warning: pdflatex (file /usr/share/texlive/texmf-var/fonts/map/pdftex/up
dmap/pdftex.map): fontmap entry for `phvrn8z' already exists, duplicates ignore
d


pdfTeX warning: pdflatex (file /usr/share/texlive/texmf-var/fonts/map/pdftex/up
dmap/pdftex.map): fontmap entry for `phvro8g' already exists, duplicates ignore
d


pdfTeX warning: pdflatex (file /usr/share/texlive/texmf-var/fonts/map/pdftex/up
dmap/pdftex.map): fontmap entry for `phvro8r' already exists, duplicates ignore
d


pdfTeX warning: pdflatex (file /usr/share/texlive/texmf-var/fonts/map/pdftex/up
dmap/pdftex.map): fontmap entry for `phvro8rn' already exists, duplicates ignor
ed


pdfTeX warning: pdflatex (file /usr/share/texlive/texmf-var/fonts/map/pdftex/up
dmap/pdftex.map): fontmap entry for `phvro8y' already exists, duplicates ignore
d


pdfTeX warning: pdflatex (file /usr/share/texlive/texmf-var/fonts/map/pdftex/up
dmap/pdftex.map): fontmap entry for `phvro8yn' already exists, duplicates ignor
ed


pdfTeX warning: pdflatex (file /usr/share/texlive/texmf-var/fonts/map/pdftex/up
dmap/pdftex.map): fontmap entry for `phvro8z' already exists, duplicates ignore
d


pdfTeX warning: pdflatex (file /usr/share/texlive/texmf-var/fonts/map/pdftex/up
dmap/pdftex.map): fontmap entry for `phvron8g' already exists, duplicates ignor
ed


pdfTeX warning: pdflatex (file /usr/share/texlive/texmf-var/fonts/map/pdftex/up
dmap/pdftex.map): fontmap entry for `phvron8z' already exists, duplicates ignor
ed


pdfTeX warning: pdflatex (file /usr/share/texlive/texmf-var/fonts/map/pdftex/up
dmap/pdftex.map): fontmap entry for `pncb8g' already exists, duplicates ignored



pdfTeX warning: pdflatex (file /usr/share/texlive/texmf-var/fonts/map/pdftex/up
dmap/pdftex.map): fontmap entry for `pncb8r' already exists, duplicates ignored



pdfTeX warning: pdflatex (file /usr/share/texlive/texmf-var/fonts/map/pdftex/up
dmap/pdftex.map): fontmap entry for `pncb8y' already exists, duplicates ignored



pdfTeX warning: pdflatex (file /usr/share/texlive/texmf-var/fonts/map/pdftex/up
dmap/pdftex.map): fontmap entry for `pncb8z' already exists, duplicates ignored



pdfTeX warning: pdflatex (file /usr/share/texlive/texmf-var/fonts/map/pdftex/up
dmap/pdftex.map): fontmap entry for `pncbi8g' already exists, duplicates ignore
d


pdfTeX warning: pdflatex (file /usr/share/texlive/texmf-var/fonts/map/pdftex/up
dmap/pdftex.map): fontmap entry for `pncbi8r' already exists, duplicates ignore
d


pdfTeX warning: pdflatex (file /usr/share/texlive/texmf-var/fonts/map/pdftex/up
dmap/pdftex.map): fontmap entry for `pncbi8y' already exists, duplicates ignore
d


pdfTeX warning: pdflatex (file /usr/share/texlive/texmf-var/fonts/map/pdftex/up
dmap/pdftex.map): fontmap entry for `pncbi8z' already exists, duplicates ignore
d


pdfTeX warning: pdflatex (file /usr/share/texlive/texmf-var/fonts/map/pdftex/up
dmap/pdftex.map): invalid entry for `pncbo8r': SlantFont/ExtendFont can be used
 only with embedded Type1 fonts


pdfTeX warning: pdflatex (file /usr/share/texlive/texmf-var/fonts/map/pdftex/up
dmap/pdftex.map): invalid entry for `pncbo8y': SlantFont/ExtendFont can be used
 only with embedded Type1 fonts


pdfTeX warning: pdflatex (file /usr/share/texlive/texmf-var/fonts/map/pdftex/up
dmap/pdftex.map): fontmap entry for `pncr8g' already exists, duplicates ignored



pdfTeX warning: pdflatex (file /usr/share/texlive/texmf-var/fonts/map/pdftex/up
dmap/pdftex.map): fontmap entry for `pncr8r' already exists, duplicates ignored



pdfTeX warning: pdflatex (file /usr/share/texlive/texmf-var/fonts/map/pdftex/up
dmap/pdftex.map): fontmap entry for `pncr8y' already exists, duplicates ignored



pdfTeX warning: pdflatex (file /usr/share/texlive/texmf-var/fonts/map/pdftex/up
dmap/pdftex.map): fontmap entry for `pncr8z' already exists, duplicates ignored



pdfTeX warning: pdflatex (file /usr/share/texlive/texmf-var/fonts/map/pdftex/up
dmap/pdftex.map): fontmap entry for `pncri8g' already exists, duplicates ignore
d


pdfTeX warning: pdflatex (file /usr/share/texlive/texmf-var/fonts/map/pdftex/up
dmap/pdftex.map): fontmap entry for `pncri8r' already exists, duplicates ignore
d


pdfTeX warning: pdflatex (file /usr/share/texlive/texmf-var/fonts/map/pdftex/up
dmap/pdftex.map): fontmap entry for `pncri8y' already exists, duplicates ignore
d


pdfTeX warning: pdflatex (file /usr/share/texlive/texmf-var/fonts/map/pdftex/up
dmap/pdftex.map): fontmap entry for `pncri8z' already exists, duplicates ignore
d


pdfTeX warning: pdflatex (file /usr/share/texlive/texmf-var/fonts/map/pdftex/up
dmap/pdftex.map): invalid entry for `pncro8r': SlantFont/ExtendFont can be used
 only with embedded Type1 fonts


pdfTeX warning: pdflatex (file /usr/share/texlive/texmf-var/fonts/map/pdftex/up
dmap/pdftex.map): invalid entry for `pncro8y': SlantFont/ExtendFont can be used
 only with embedded Type1 fonts


pdfTeX warning: pdflatex (file /usr/share/texlive/texmf-var/fonts/map/pdftex/up
dmap/pdftex.map): fontmap entry for `pplb8g' already exists, duplicates ignored



pdfTeX warning: pdflatex (file /usr/share/texlive/texmf-var/fonts/map/pdftex/up
dmap/pdftex.map): fontmap entry for `pplb8r' already exists, duplicates ignored



pdfTeX warning: pdflatex (file /usr/share/texlive/texmf-var/fonts/map/pdftex/up
dmap/pdftex.map): fontmap entry for `pplb8y' already exists, duplicates ignored



pdfTeX warning: pdflatex (file /usr/share/texlive/texmf-var/fonts/map/pdftex/up
dmap/pdftex.map): fontmap entry for `pplb8z' already exists, duplicates ignored



pdfTeX warning: pdflatex (file /usr/share/texlive/texmf-var/fonts/map/pdftex/up
dmap/pdftex.map): fontmap entry for `pplbi8g' already exists, duplicates ignore
d


pdfTeX warning: pdflatex (file /usr/share/texlive/texmf-var/fonts/map/pdftex/up
dmap/pdftex.map): fontmap entry for `pplbi8r' already exists, duplicates ignore
d


pdfTeX warning: pdflatex (file /usr/share/texlive/texmf-var/fonts/map/pdftex/up
dmap/pdftex.map): fontmap entry for `pplbi8y' already exists, duplicates ignore
d


pdfTeX warning: pdflatex (file /usr/share/texlive/texmf-var/fonts/map/pdftex/up
dmap/pdftex.map): fontmap entry for `pplbi8z' already exists, duplicates ignore
d


pdfTeX warning: pdflatex (file /usr/share/texlive/texmf-var/fonts/map/pdftex/up
dmap/pdftex.map): invalid entry for `pplbo8r': SlantFont/ExtendFont can be used
 only with embedded Type1 fonts


pdfTeX warning: pdflatex (file /usr/share/texlive/texmf-var/fonts/map/pdftex/up
dmap/pdftex.map): invalid entry for `pplbo8y': SlantFont/ExtendFont can be used
 only with embedded Type1 fonts


pdfTeX warning: pdflatex (file /usr/share/texlive/texmf-var/fonts/map/pdftex/up
dmap/pdftex.map): invalid entry for `pplbu8r': SlantFont/ExtendFont can be used
 only with embedded Type1 fonts


pdfTeX warning: pdflatex (file /usr/share/texlive/texmf-var/fonts/map/pdftex/up
dmap/pdftex.map): invalid entry for `pplbu8y': SlantFont/ExtendFont can be used
 only with embedded Type1 fonts


pdfTeX warning: pdflatex (file /usr/share/texlive/texmf-var/fonts/map/pdftex/up
dmap/pdftex.map): fontmap entry for `pplr8g' already exists, duplicates ignored



pdfTeX warning: pdflatex (file /usr/share/texlive/texmf-var/fonts/map/pdftex/up
dmap/pdftex.map): fontmap entry for `pplr8r' already exists, duplicates ignored



pdfTeX warning: pdflatex (file /usr/share/texlive/texmf-var/fonts/map/pdftex/up
dmap/pdftex.map): invalid entry for `pplr8rn': SlantFont/ExtendFont can be used
 only with embedded Type1 fonts


pdfTeX warning: pdflatex (file /usr/share/texlive/texmf-var/fonts/map/pdftex/up
dmap/pdftex.map): fontmap entry for `pplr8y' already exists, duplicates ignored



pdfTeX warning: pdflatex (file /usr/share/texlive/texmf-var/fonts/map/pdftex/up
dmap/pdftex.map): invalid entry for `pplr8yn': SlantFont/ExtendFont can be used
 only with embedded Type1 fonts


pdfTeX warning: pdflatex (file /usr/share/texlive/texmf-var/fonts/map/pdftex/up
dmap/pdftex.map): fontmap entry for `pplr8z' already exists, duplicates ignored



pdfTeX warning: pdflatex (file /usr/share/texlive/texmf-var/fonts/map/pdftex/up
dmap/pdftex.map): fontmap entry for `pplri8g' already exists, duplicates ignore
d


pdfTeX warning: pdflatex (file /usr/share/texlive/texmf-var/fonts/map/pdftex/up
dmap/pdftex.map): fontmap entry for `pplri8r' already exists, duplicates ignore
d


pdfTeX warning: pdflatex (file /usr/share/texlive/texmf-var/fonts/map/pdftex/up
dmap/pdftex.map): fontmap entry for `pplri8y' already exists, duplicates ignore
d


pdfTeX warning: pdflatex (file /usr/share/texlive/texmf-var/fonts/map/pdftex/up
dmap/pdftex.map): fontmap entry for `pplri8z' already exists, duplicates ignore
d


pdfTeX warning: pdflatex (file /usr/share/texlive/texmf-var/fonts/map/pdftex/up
dmap/pdftex.map): invalid entry for `pplro8r': SlantFont/ExtendFont can be used
 only with embedded Type1 fonts


pdfTeX warning: pdflatex (file /usr/share/texlive/texmf-var/fonts/map/pdftex/up
dmap/pdftex.map): invalid entry for `pplro8y': SlantFont/ExtendFont can be used
 only with embedded Type1 fonts


pdfTeX warning: pdflatex (file /usr/share/texlive/texmf-var/fonts/map/pdftex/up
dmap/pdftex.map): invalid entry for `pplrr8re': SlantFont/ExtendFont can be use
d only with embedded Type1 fonts


pdfTeX warning: pdflatex (file /usr/share/texlive/texmf-var/fonts/map/pdftex/up
dmap/pdftex.map): invalid entry for `pplrr8ye': SlantFont/ExtendFont can be use
d only with embedded Type1 fonts


pdfTeX warning: pdflatex (file /usr/share/texlive/texmf-var/fonts/map/pdftex/up
dmap/pdftex.map): invalid entry for `pplru8r': SlantFont/ExtendFont can be used
 only with embedded Type1 fonts


pdfTeX warning: pdflatex (file /usr/share/texlive/texmf-var/fonts/map/pdftex/up
dmap/pdftex.map): invalid entry for `pplru8y': SlantFont/ExtendFont can be used
 only with embedded Type1 fonts


pdfTeX warning: pdflatex (file /usr/share/texlive/texmf-var/fonts/map/pdftex/up
dmap/pdftex.map): fontmap entry for `psyr' already exists, duplicates ignored


pdfTeX warning: pdflatex (file /usr/share/texlive/texmf-var/fonts/map/pdftex/up
dmap/pdftex.map): fontmap entry for `psyrgo' already exists, duplicates ignored



pdfTeX warning: pdflatex (file /usr/share/texlive/texmf-var/fonts/map/pdftex/up
dmap/pdftex.map): invalid entry for `psyro': SlantFont/ExtendFont can be used o
nly with embedded Type1 fonts


pdfTeX warning: pdflatex (file /usr/share/texlive/texmf-var/fonts/map/pdftex/up
dmap/pdftex.map): fontmap entry for `ptmb8g' already exists, duplicates ignored



pdfTeX warning: pdflatex (file /usr/share/texlive/texmf-var/fonts/map/pdftex/up
dmap/pdftex.map): fontmap entry for `ptmb8r' already exists, duplicates ignored



pdfTeX warning: pdflatex (file /usr/share/texlive/texmf-var/fonts/map/pdftex/up
dmap/pdftex.map): fontmap entry for `ptmb8y' already exists, duplicates ignored



pdfTeX warning: pdflatex (file /usr/share/texlive/texmf-var/fonts/map/pdftex/up
dmap/pdftex.map): fontmap entry for `ptmb8z' already exists, duplicates ignored



pdfTeX warning: pdflatex (file /usr/share/texlive/texmf-var/fonts/map/pdftex/up
dmap/pdftex.map): fontmap entry for `ptmbi8g' already exists, duplicates ignore
d


pdfTeX warning: pdflatex (file /usr/share/texlive/texmf-var/fonts/map/pdftex/up
dmap/pdftex.map): fontmap entry for `ptmbi8r' already exists, duplicates ignore
d


pdfTeX warning: pdflatex (file /usr/share/texlive/texmf-var/fonts/map/pdftex/up
dmap/pdftex.map): fontmap entry for `ptmbi8y' already exists, duplicates ignore
d


pdfTeX warning: pdflatex (file /usr/share/texlive/texmf-var/fonts/map/pdftex/up
dmap/pdftex.map): fontmap entry for `ptmbi8z' already exists, duplicates ignore
d


pdfTeX warning: pdflatex (file /usr/share/texlive/texmf-var/fonts/map/pdftex/up
dmap/pdftex.map): invalid entry for `ptmbo8r': SlantFont/ExtendFont can be used
 only with embedded Type1 fonts


pdfTeX warning: pdflatex (file /usr/share/texlive/texmf-var/fonts/map/pdftex/up
dmap/pdftex.map): invalid entry for `ptmbo8y': SlantFont/ExtendFont can be used
 only with embedded Type1 fonts


pdfTeX warning: pdflatex (file /usr/share/texlive/texmf-var/fonts/map/pdftex/up
dmap/pdftex.map): fontmap entry for `ptmr8g' already exists, duplicates ignored



pdfTeX warning: pdflatex (file /usr/share/texlive/texmf-var/fonts/map/pdftex/up
dmap/pdftex.map): fontmap entry for `ptmr8r' already exists, duplicates ignored



pdfTeX warning: pdflatex (file /usr/share/texlive/texmf-var/fonts/map/pdftex/up
dmap/pdftex.map): invalid entry for `ptmr8rn': SlantFont/ExtendFont can be used
 only with embedded Type1 fonts


pdfTeX warning: pdflatex (file /usr/share/texlive/texmf-var/fonts/map/pdftex/up
dmap/pdftex.map): fontmap entry for `ptmr8y' already exists, duplicates ignored



pdfTeX warning: pdflatex (file /usr/share/texlive/texmf-var/fonts/map/pdftex/up
dmap/pdftex.map): invalid entry for `ptmr8yn': SlantFont/ExtendFont can be used
 only with embedded Type1 fonts


pdfTeX warning: pdflatex (file /usr/share/texlive/texmf-var/fonts/map/pdftex/up
dmap/pdftex.map): fontmap entry for `ptmr8z' already exists, duplicates ignored



pdfTeX warning: pdflatex (file /usr/share/texlive/texmf-var/fonts/map/pdftex/up
dmap/pdftex.map): fontmap entry for `ptmri8g' already exists, duplicates ignore
d


pdfTeX warning: pdflatex (file /usr/share/texlive/texmf-var/fonts/map/pdftex/up
dmap/pdftex.map): fontmap entry for `ptmri8r' already exists, duplicates ignore
d


pdfTeX warning: pdflatex (file /usr/share/texlive/texmf-var/fonts/map/pdftex/up
dmap/pdftex.map): fontmap entry for `ptmri8y' already exists, duplicates ignore
d


pdfTeX warning: pdflatex (file /usr/share/texlive/texmf-var/fonts/map/pdftex/up
dmap/pdftex.map): fontmap entry for `ptmri8z' already exists, duplicates ignore
d


pdfTeX warning: pdflatex (file /usr/share/texlive/texmf-var/fonts/map/pdftex/up
dmap/pdftex.map): invalid entry for `ptmro8r': SlantFont/ExtendFont can be used
 only with embedded Type1 fonts


pdfTeX warning: pdflatex (file /usr/share/texlive/texmf-var/fonts/map/pdftex/up
dmap/pdftex.map): invalid entry for `ptmro8y': SlantFont/ExtendFont can be used
 only with embedded Type1 fonts


pdfTeX warning: pdflatex (file /usr/share/texlive/texmf-var/fonts/map/pdftex/up
dmap/pdftex.map): invalid entry for `ptmrr8re': SlantFont/ExtendFont can be use
d only with embedded Type1 fonts


pdfTeX warning: pdflatex (file /usr/share/texlive/texmf-var/fonts/map/pdftex/up
dmap/pdftex.map): invalid entry for `ptmrr8ye': SlantFont/ExtendFont can be use
d only with embedded Type1 fonts


pdfTeX warning: pdflatex (file /usr/share/texlive/texmf-var/fonts/map/pdftex/up
dmap/pdftex.map): fontmap entry for `pzcmi8r' already exists, duplicates ignore
d


pdfTeX warning: pdflatex (file /usr/share/texlive/texmf-var/fonts/map/pdftex/up
dmap/pdftex.map): fontmap entry for `pzcmi8y' already exists, duplicates ignore
d


pdfTeX warning: pdflatex (file /usr/share/texlive/texmf-var/fonts/map/pdftex/up
dmap/pdftex.map): fontmap entry for `pzcmi8z' already exists, duplicates ignore
d


pdfTeX warning: pdflatex (file /usr/share/texlive/texmf-var/fonts/map/pdftex/up
dmap/pdftex.map): fontmap entry for `pzdr' already exists, duplicates ignored


pdfTeX warning: pdflatex (file /usr/share/texlive/texmf-var/fonts/map/pdftex/up
dmap/pdftex.map): fontmap entry for `rpagd' already exists, duplicates ignored


pdfTeX warning: pdflatex (file /usr/share/texlive/texmf-var/fonts/map/pdftex/up
dmap/pdftex.map): fontmap entry for `rpagdo' already exists, duplicates ignored



pdfTeX warning: pdflatex (file /usr/share/texlive/texmf-var/fonts/map/pdftex/up
dmap/pdftex.map): fontmap entry for `rpagk' already exists, duplicates ignored


pdfTeX warning: pdflatex (file /usr/share/texlive/texmf-var/fonts/map/pdftex/up
dmap/pdftex.map): fontmap entry for `rpagko' already exists, duplicates ignored



pdfTeX warning: pdflatex (file /usr/share/texlive/texmf-var/fonts/map/pdftex/up
dmap/pdftex.map): fontmap entry for `rpbkd' already exists, duplicates ignored


pdfTeX warning: pdflatex (file /usr/share/texlive/texmf-var/fonts/map/pdftex/up
dmap/pdftex.map): fontmap entry for `rpbkdi' already exists, duplicates ignored



pdfTeX warning: pdflatex (file /usr/share/texlive/texmf-var/fonts/map/pdftex/up
dmap/pdftex.map): fontmap entry for `rpbkl' already exists, duplicates ignored


pdfTeX warning: pdflatex (file /usr/share/texlive/texmf-var/fonts/map/pdftex/up
dmap/pdftex.map): fontmap entry for `rpbkli' already exists, duplicates ignored



pdfTeX warning: pdflatex (file /usr/share/texlive/texmf-var/fonts/map/pdftex/up
dmap/pdftex.map): fontmap entry for `rpcrb' already exists, duplicates ignored


pdfTeX warning: pdflatex (file /usr/share/texlive/texmf-var/fonts/map/pdftex/up
dmap/pdftex.map): fontmap entry for `rpcrbo' already exists, duplicates ignored



pdfTeX warning: pdflatex (file /usr/share/texlive/texmf-var/fonts/map/pdftex/up
dmap/pdftex.map): fontmap entry for `rpcrr' already exists, duplicates ignored


pdfTeX warning: pdflatex (file /usr/share/texlive/texmf-var/fonts/map/pdftex/up
dmap/pdftex.map): fontmap entry for `rpcrro' already exists, duplicates ignored



pdfTeX warning: pdflatex (file /usr/share/texlive/texmf-var/fonts/map/pdftex/up
dmap/pdftex.map): fontmap entry for `rphvb' already exists, duplicates ignored


pdfTeX warning: pdflatex (file /usr/share/texlive/texmf-var/fonts/map/pdftex/up
dmap/pdftex.map): fontmap entry for `rphvbo' already exists, duplicates ignored



pdfTeX warning: pdflatex (file /usr/share/texlive/texmf-var/fonts/map/pdftex/up
dmap/pdftex.map): invalid entry for `rphvbon': SlantFont/ExtendFont can be used
 only with embedded Type1 fonts


pdfTeX warning: pdflatex (file /usr/share/texlive/texmf-var/fonts/map/pdftex/up
dmap/pdftex.map): invalid entry for `rphvbrn': SlantFont/ExtendFont can be used
 only with embedded Type1 fonts


pdfTeX warning: pdflatex (file /usr/share/texlive/texmf-var/fonts/map/pdftex/up
dmap/pdftex.map): fontmap entry for `rphvr' already exists, duplicates ignored


pdfTeX warning: pdflatex (file /usr/share/texlive/texmf-var/fonts/map/pdftex/up
dmap/pdftex.map): fontmap entry for `rphvro' already exists, duplicates ignored



pdfTeX warning: pdflatex (file /usr/share/texlive/texmf-var/fonts/map/pdftex/up
dmap/pdftex.map): invalid entry for `rphvron': SlantFont/ExtendFont can be used
 only with embedded Type1 fonts


pdfTeX warning: pdflatex (file /usr/share/texlive/texmf-var/fonts/map/pdftex/up
dmap/pdftex.map): invalid entry for `rphvrrn': SlantFont/ExtendFont can be used
 only with embedded Type1 fonts


pdfTeX warning: pdflatex (file /usr/share/texlive/texmf-var/fonts/map/pdftex/up
dmap/pdftex.map): fontmap entry for `rpncb' already exists, duplicates ignored


pdfTeX warning: pdflatex (file /usr/share/texlive/texmf-var/fonts/map/pdftex/up
dmap/pdftex.map): fontmap entry for `rpncbi' already exists, duplicates ignored



pdfTeX warning: pdflatex (file /usr/share/texlive/texmf-var/fonts/map/pdftex/up
dmap/pdftex.map): fontmap entry for `rpncr' already exists, duplicates ignored


pdfTeX warning: pdflatex (file /usr/share/texlive/texmf-var/fonts/map/pdftex/up
dmap/pdftex.map): fontmap entry for `rpncri' already exists, duplicates ignored



pdfTeX warning: pdflatex (file /usr/share/texlive/texmf-var/fonts/map/pdftex/up
dmap/pdftex.map): fontmap entry for `rpplb' already exists, duplicates ignored


pdfTeX warning: pdflatex (file /usr/share/texlive/texmf-var/fonts/map/pdftex/up
dmap/pdftex.map): fontmap entry for `rpplbi' already exists, duplicates ignored



pdfTeX warning: pdflatex (file /usr/share/texlive/texmf-var/fonts/map/pdftex/up
dmap/pdftex.map): invalid entry for `rpplbu': SlantFont/ExtendFont can be used 
only with embedded Type1 fonts


pdfTeX warning: pdflatex (file /usr/share/texlive/texmf-var/fonts/map/pdftex/up
dmap/pdftex.map): fontmap entry for `rpplr' already exists, duplicates ignored


pdfTeX warning: pdflatex (file /usr/share/texlive/texmf-var/fonts/map/pdftex/up
dmap/pdftex.map): fontmap entry for `rpplri' already exists, duplicates ignored



pdfTeX warning: pdflatex (file /usr/share/texlive/texmf-var/fonts/map/pdftex/up
dmap/pdftex.map): invalid entry for `rpplro': SlantFont/ExtendFont can be used 
only with embedded Type1 fonts


pdfTeX warning: pdflatex (file /usr/share/texlive/texmf-var/fonts/map/pdftex/up
dmap/pdftex.map): invalid entry for `rpplrre': SlantFont/ExtendFont can be used
 only with embedded Type1 fonts


pdfTeX warning: pdflatex (file /usr/share/texlive/texmf-var/fonts/map/pdftex/up
dmap/pdftex.map): invalid entry for `rpplrrn': SlantFont/ExtendFont can be used
 only with embedded Type1 fonts


pdfTeX warning: pdflatex (file /usr/share/texlive/texmf-var/fonts/map/pdftex/up
dmap/pdftex.map): invalid entry for `rpplru': SlantFont/ExtendFont can be used 
only with embedded Type1 fonts


pdfTeX warning: pdflatex (file /usr/share/texlive/texmf-var/fonts/map/pdftex/up
dmap/pdftex.map): fontmap entry for `rpsyr' already exists, duplicates ignored


pdfTeX warning: pdflatex (file /usr/share/texlive/texmf-var/fonts/map/pdftex/up
dmap/pdftex.map): invalid entry for `rpsyro': SlantFont/ExtendFont can be used 
only with embedded Type1 fonts


pdfTeX warning: pdflatex (file /usr/share/texlive/texmf-var/fonts/map/pdftex/up
dmap/pdftex.map): fontmap entry for `rptmb' already exists, duplicates ignored


pdfTeX warning: pdflatex (file /usr/share/texlive/texmf-var/fonts/map/pdftex/up
dmap/pdftex.map): fontmap entry for `rptmbi' already exists, duplicates ignored



pdfTeX warning: pdflatex (file /usr/share/texlive/texmf-var/fonts/map/pdftex/up
dmap/pdftex.map): invalid entry for `rptmbo': SlantFont/ExtendFont can be used 
only with embedded Type1 fonts


pdfTeX warning: pdflatex (file /usr/share/texlive/texmf-var/fonts/map/pdftex/up
dmap/pdftex.map): fontmap entry for `rptmr' already exists, duplicates ignored


pdfTeX warning: pdflatex (file /usr/share/texlive/texmf-var/fonts/map/pdftex/up
dmap/pdftex.map): fontmap entry for `rptmri' already exists, duplicates ignored



pdfTeX warning: pdflatex (file /usr/share/texlive/texmf-var/fonts/map/pdftex/up
dmap/pdftex.map): invalid entry for `rptmro': SlantFont/ExtendFont can be used 
only with embedded Type1 fonts


pdfTeX warning: pdflatex (file /usr/share/texlive/texmf-var/fonts/map/pdftex/up
dmap/pdftex.map): invalid entry for `rptmrre': SlantFont/ExtendFont can be used
 only with embedded Type1 fonts


pdfTeX warning: pdflatex (file /usr/share/texlive/texmf-var/fonts/map/pdftex/up
dmap/pdftex.map): invalid entry for `rptmrrn': SlantFont/ExtendFont can be used
 only with embedded Type1 fonts


pdfTeX warning: pdflatex (file /usr/share/texlive/texmf-var/fonts/map/pdftex/up
dmap/pdftex.map): fontmap entry for `rpxpplb' already exists, duplicates ignore
d


pdfTeX warning: pdflatex (file /usr/share/texlive/texmf-var/fonts/map/pdftex/up
dmap/pdftex.map): fontmap entry for `rpxpplbi' already exists, duplicates ignor
ed


pdfTeX warning: pdflatex (file /usr/share/texlive/texmf-var/fonts/map/pdftex/up
dmap/pdftex.map): invalid entry for `rpxpplbo': SlantFont/ExtendFont can be use
d only with embedded Type1 fonts


pdfTeX warning: pdflatex (file /usr/share/texlive/texmf-var/fonts/map/pdftex/up
dmap/pdftex.map): fontmap entry for `rpxpplr' already exists, duplicates ignore
d


pdfTeX warning: pdflatex (file /usr/share/texlive/texmf-var/fonts/map/pdftex/up
dmap/pdftex.map): fontmap entry for `rpxpplri' already exists, duplicates ignor
ed


pdfTeX warning: pdflatex (file /usr/share/texlive/texmf-var/fonts/map/pdftex/up
dmap/pdftex.map): invalid entry for `rpxpplro': SlantFont/ExtendFont can be use
d only with embedded Type1 fonts


pdfTeX warning: pdflatex (file /usr/share/texlive/texmf-var/fonts/map/pdftex/up
dmap/pdftex.map): fontmap entry for `rpzcmi' already exists, duplicates ignored



pdfTeX warning: pdflatex (file /usr/share/texlive/texmf-var/fonts/map/pdftex/up
dmap/pdftex.map): fontmap entry for `rpzdr' already exists, duplicates ignored


pdfTeX warning: pdflatex (file /usr/share/texlive/texmf-var/fonts/map/pdftex/up
dmap/pdftex.map): fontmap entry for `rtxphvb' already exists, duplicates ignore
d


pdfTeX warning: pdflatex (file /usr/share/texlive/texmf-var/fonts/map/pdftex/up
dmap/pdftex.map): invalid entry for `rtxphvbo': SlantFont/ExtendFont can be use
d only with embedded Type1 fonts


pdfTeX warning: pdflatex (file /usr/share/texlive/texmf-var/fonts/map/pdftex/up
dmap/pdftex.map): fontmap entry for `rtxphvr' already exists, duplicates ignore
d


pdfTeX warning: pdflatex (file /usr/share/texlive/texmf-var/fonts/map/pdftex/up
dmap/pdftex.map): invalid entry for `rtxphvro': SlantFont/ExtendFont can be use
d only with embedded Type1 fonts


pdfTeX warning: pdflatex (file /usr/share/texlive/texmf-var/fonts/map/pdftex/up
dmap/pdftex.map): fontmap entry for `rtxptmb' already exists, duplicates ignore
d


pdfTeX warning: pdflatex (file /usr/share/texlive/texmf-var/fonts/map/pdftex/up
dmap/pdftex.map): fontmap entry for `rtxptmbi' already exists, duplicates ignor
ed


pdfTeX warning: pdflatex (file /usr/share/texlive/texmf-var/fonts/map/pdftex/up
dmap/pdftex.map): invalid entry for `rtxptmbo': SlantFont/ExtendFont can be use
d only with embedded Type1 fonts


pdfTeX warning: pdflatex (file /usr/share/texlive/texmf-var/fonts/map/pdftex/up
dmap/pdftex.map): fontmap entry for `rtxptmr' already exists, duplicates ignore
d


pdfTeX warning: pdflatex (file /usr/share/texlive/texmf-var/fonts/map/pdftex/up
dmap/pdftex.map): fontmap entry for `rtxptmri' already exists, duplicates ignor
ed


pdfTeX warning: pdflatex (file /usr/share/texlive/texmf-var/fonts/map/pdftex/up
dmap/pdftex.map): invalid entry for `rtxptmro': SlantFont/ExtendFont can be use
d only with embedded Type1 fonts


pdfTeX warning: pdflatex (file /usr/share/texlive/texmf-var/fonts/map/pdftex/up
dmap/pdftex.map): fontmap entry for `sy' already exists, duplicates ignored


pdfTeX warning: pdflatex (file /usr/share/texlive/texmf-var/fonts/map/pdftex/up
dmap/pdftex.map): fontmap entry for `tib' already exists, duplicates ignored


pdfTeX warning: pdflatex (file /usr/share/texlive/texmf-var/fonts/map/pdftex/up
dmap/pdftex.map): fontmap entry for `tibi' already exists, duplicates ignored


pdfTeX warning: pdflatex (file /usr/share/texlive/texmf-var/fonts/map/pdftex/up
dmap/pdftex.map): invalid entry for `tibo': SlantFont/ExtendFont can be used on
ly with embedded Type1 fonts


pdfTeX warning: pdflatex (file /usr/share/texlive/texmf-var/fonts/map/pdftex/up
dmap/pdftex.map): fontmap entry for `tii' already exists, duplicates ignored


pdfTeX warning: pdflatex (file /usr/share/texlive/texmf-var/fonts/map/pdftex/up
dmap/pdftex.map): invalid entry for `tio': SlantFont/ExtendFont can be used onl
y with embedded Type1 fonts


pdfTeX warning: pdflatex (file /usr/share/texlive/texmf-var/fonts/map/pdftex/up
dmap/pdftex.map): fontmap entry for `tir' already exists, duplicates ignored


pdfTeX warning: pdflatex (file /usr/share/texlive/texmf-var/fonts/map/pdftex/up
dmap/pdftex.map): fontmap entry for `tmbi108r' already exists, duplicates ignor
ed


pdfTeX warning: pdflatex (file /usr/share/texlive/texmf-var/fonts/map/pdftex/up
dmap/pdftex.map): invalid entry for `tmbo108r': SlantFont/ExtendFont can be use
d only with embedded Type1 fonts


pdfTeX warning: pdflatex (file /usr/share/texlive/texmf-var/fonts/map/pdftex/up
dmap/pdftex.map): invalid entry for `tmbu108r': SlantFont/ExtendFont can be use
d only with embedded Type1 fonts


pdfTeX warning: pdflatex (file /usr/share/texlive/texmf-var/fonts/map/pdftex/up
dmap/pdftex.map): fontmap entry for `tmrb108r' already exists, duplicates ignor
ed


pdfTeX warning: pdflatex (file /usr/share/texlive/texmf-var/fonts/map/pdftex/up
dmap/pdftex.map): fontmap entry for `tmri108r' already exists, duplicates ignor
ed


pdfTeX warning: pdflatex (file /usr/share/texlive/texmf-var/fonts/map/pdftex/up
dmap/pdftex.map): fontmap entry for `tmrm108r' already exists, duplicates ignor
ed


pdfTeX warning: pdflatex (file /usr/share/texlive/texmf-var/fonts/map/pdftex/up
dmap/pdftex.map): invalid entry for `tmro108r': SlantFont/ExtendFont can be use
d only with embedded Type1 fonts


pdfTeX warning: pdflatex (file /usr/share/texlive/texmf-var/fonts/map/pdftex/up
dmap/pdftex.map): invalid entry for `tmui108r': SlantFont/ExtendFont can be use
d only with embedded Type1 fonts


pdfTeX warning: pdflatex (file /usr/share/texlive/texmf-var/fonts/map/pdftex/up
dmap/pdftex.map): fontmap entry for `zd' already exists, duplicates ignored
}] (./image_tex_edited.aux) ) 
Here is how much of TeX's memory you used:
 1535 strings out of 479953
 25385 string characters out of 5878966
 323695 words of memory out of 6000000
 19035 multiletter control sequences out of 15000+600000
 403430 words of font info for 27 fonts, out of 8000000 for 9000
 430 hyphenation exceptions out of 8191
 55i,9n,71p,247b,201s stack positions out of 5000i,500n,10000p,200000b,80000s
</usr/share/texlive/texmf-dist/fonts/type1/public/
amsfonts/cm/cmmi10.pfb></usr/share/texlive/texmf-dist/fonts/type1/public/amsfon
ts/cm/cmmi7.pfb></usr/share/texlive/texmf-dist/fonts/type1/public/amsfonts/cm/c
mr10.pfb></usr/share/texlive/texmf-dist/fonts/type1/public/amsfonts/cm/cmr7.pfb
></usr/share/texlive/texmf-dist/fonts/type1/public/amsfonts/cm/cmsy7.pfb>
Output written on image_tex_edited.pdf (1 page, 51519 bytes).
PDF statistics:
 28 PDF objects out of 1000 (max. 8388607)
 19 compressed objects within 1 object stream
 0 named destinations out of 1000 (max. 500000)
 1 words of extra memory for PDF output out of 10000 (max. 10000000)

